d:\project\generate_device_resource_pack_program\package_v4\package_v4\release\package_v4.pch
d:\project\generate_device_resource_pack_program\package_v4\package_v4\release\vc140.pdb
d:\project\generate_device_resource_pack_program\package_v4\package_v4\release\stdafx.obj
d:\project\generate_device_resource_pack_program\package_v4\package_v4\release\qrc_package_v4.obj
d:\project\generate_device_resource_pack_program\package_v4\package_v4\release\package_v4.obj
d:\project\generate_device_resource_pack_program\package_v4\package_v4\release\main.obj
d:\project\generate_device_resource_pack_program\package_v4\package_v4\release\moc_package_v4.obj
d:\project\generate_device_resource_pack_program\package_v4\package_v4\generatedfiles\release\moc_package_v4.cpp
d:\project\generate_device_resource_pack_program\package_v4\package_v4\generatedfiles\qrc_package_v4.cpp
d:\project\generate_device_resource_pack_program\package_v4\package_v4\generatedfiles\ui_package_v4.h
d:\project\generate_device_resource_pack_program\package_v4\win32\release\package_v4.ilk
d:\project\generate_device_resource_pack_program\package_v4\win32\release\package_v4.exe
d:\project\generate_device_resource_pack_program\package_v4\win32\release\package_v4.pdb
d:\project\generate_device_resource_pack_program\package_v4\package_v4\release\package_v4.res
d:\project\generate_device_resource_pack_program\a a\package_v4\package_v4\release\main.obj
d:\project\generate_device_resource_pack_program\a a\package_v4\package_v4\release\moc_package_v4.obj
d:\project\generate_device_resource_pack_program\a a\package_v4\package_v4\release\package_v4.obj
d:\project\generate_device_resource_pack_program\a a\package_v4\package_v4\release\qrc_package_v4.obj
d:\project\generate_device_resource_pack_program\a a\package_v4\package_v4\release\stdafx.obj
d:\project\generate_device_resource_pack_program\a a\package_v4\package_v4\release\package_v4.res
d:\project\generate_device_resource_pack_program\a a\package_v4\package_v4\release\package_v4.pch
d:\project\generate_device_resource_pack_program\a a\package_v4\package_v4\release\vc140.pdb
d:\project\generate_device_resource_pack_program\a a\package_v4\win32\release\package_v4.pdb
d:\project\generate_device_resource_pack_program\a a\package_v4\win32\release\package_v4.exe
d:\project\generate_device_resource_pack_program\a a\package_v4\win32\release\package_v4.ilk
d:\project\generate_device_resource_pack_program\a a\package_v4\package_v4\release\package_v4.tlog\cl.command.1.tlog
d:\project\generate_device_resource_pack_program\a a\package_v4\package_v4\release\package_v4.tlog\cl.read.1.tlog
d:\project\generate_device_resource_pack_program\a a\package_v4\package_v4\release\package_v4.tlog\cl.write.1.tlog
d:\project\generate_device_resource_pack_program\a a\package_v4\package_v4\release\package_v4.tlog\custombuild.command.1.tlog
d:\project\generate_device_resource_pack_program\a a\package_v4\package_v4\release\package_v4.tlog\custombuild.read.1.tlog
d:\project\generate_device_resource_pack_program\a a\package_v4\package_v4\release\package_v4.tlog\custombuild.write.1.tlog
d:\project\generate_device_resource_pack_program\a a\package_v4\package_v4\release\package_v4.tlog\link.command.1.tlog
d:\project\generate_device_resource_pack_program\a a\package_v4\package_v4\release\package_v4.tlog\link.read.1.tlog
d:\project\generate_device_resource_pack_program\a a\package_v4\package_v4\release\package_v4.tlog\link.write.1.tlog
d:\project\generate_device_resource_pack_program\a a\package_v4\package_v4\release\package_v4.tlog\rc.command.1.tlog
d:\project\generate_device_resource_pack_program\a a\package_v4\package_v4\release\package_v4.tlog\rc.read.1.tlog
d:\project\generate_device_resource_pack_program\a a\package_v4\package_v4\release\package_v4.tlog\rc.write.1.tlog
